#
# There is insufficient memory for the Java Runtime Environment to continue.
# Native memory allocation (malloc) failed to allocate 49696 bytes. Error detail: Chunk::new
# Possible reasons:
#   The system is out of physical RAM or swap space
#   This process is running with CompressedOops enabled, and the Java Heap may be blocking the growth of the native heap
# Possible solutions:
#   Reduce memory load on the system
#   Increase physical memory or swap space
#   Check if swap backing store is full
#   Decrease Java heap size (-Xmx/-Xms)
#   Decrease number of Java threads
#   Decrease Java thread stack sizes (-Xss)
#   Set larger code cache with -XX:ReservedCodeCacheSize=
#   JVM is running with Unscaled Compressed Oops mode in which the Java heap is
#     placed in the first 4GB address space. The Java Heap base address is the
#     maximum limit for the native heap growth. Please use -XX:HeapBaseMinAddress
#     to set the Java Heap base and to place the Java Heap above 4GB virtual address.
# This output file may be truncated or incomplete.
#
#  Out of Memory Error (arena.cpp:191), pid=4012, tid=9896
#
# JRE version: OpenJDK Runtime Environment Temurin-17.0.13+11 (17.0.13+11) (build 17.0.13+11)
# Java VM: OpenJDK 64-Bit Server VM Temurin-17.0.13+11 (17.0.13+11, mixed mode, tiered, compressed oops, compressed class ptrs, parallel gc, windows-amd64)
# No core dump will be written. Minidumps are not enabled by default on client versions of Windows
#

---------------  S U M M A R Y ------------

Command Line: --add-modules=ALL-SYSTEM --add-opens=java.base/java.util=ALL-UNNAMED --add-opens=java.base/java.lang=ALL-UNNAMED --add-opens=java.base/sun.nio.fs=ALL-UNNAMED -Declipse.application=org.eclipse.jdt.ls.core.id1 -Dosgi.bundles.defaultStartLevel=4 -Declipse.product=org.eclipse.jdt.ls.core.product -Djava.import.generatesMetadataFilesAtProjectRoot=false -DDetectVMInstallationsJob.disabled=true -Dfile.encoding=utf8 -XX:+UseParallelGC -XX:GCTimeRatio=4 -XX:AdaptiveSizePolicyWeight=90 -Dsun.zip.disableMemoryMapping=true -Xmx1G -Xms100m -Xlog:disable -javaagent:c:\Users\Davis\.vscode\extensions\redhat.java-1.36.0-win32-x64\lombok\lombok-1.18.35.jar -XX:+HeapDumpOnOutOfMemoryError -XX:HeapDumpPath=c:\Users\Davis\AppData\Roaming\Code\User\workspaceStorage\9d56b94f2c96aaa4572ab40de3ef8cb9\redhat.java -Daether.dependencyCollector.impl=bf c:\Users\Davis\.vscode\extensions\redhat.java-1.36.0-win32-x64\server\plugins\org.eclipse.equinox.launcher_1.6.900.v20240613-2009.jar -configuration c:\Users\Davis\AppData\Roaming\Code\User\globalStorage\redhat.java\1.36.0\config_win -data c:\Users\Davis\AppData\Roaming\Code\User\workspaceStorage\9d56b94f2c96aaa4572ab40de3ef8cb9\redhat.java\jdt_ws --pipe=\\.\pipe\lsp-2fe8efddc55a3f5ada6516e7e8f7fc06-sock

Host: AMD Ryzen 3 3250U with Radeon Graphics         , 4 cores, 5G,  Windows 11 , 64 bit Build 22621 (10.0.22621.4391)
Time: Wed Nov 20 11:12:47 2024 SE Asia Standard Time elapsed time: 0.663230 seconds (0d 0h 0m 0s)

---------------  T H R E A D  ---------------

Current thread (0x0000027e7fe0dbb0):  JavaThread "C2 CompilerThread0" daemon [_thread_in_native, id=9896, stack(0x000000d26af00000,0x000000d26b000000)]


Current CompileTask:
C2:    663  146       4       java.lang.String::hashCode (60 bytes)

Stack: [0x000000d26af00000,0x000000d26b000000]
Native frames: (J=compiled Java code, j=interpreted, Vv=VM code, C=native code)
V  [jvm.dll+0x682a19]
V  [jvm.dll+0x839538]
V  [jvm.dll+0x83afe3]
V  [jvm.dll+0x83b653]
V  [jvm.dll+0x24704f]
V  [jvm.dll+0xace34]
V  [jvm.dll+0xad4cc]
V  [jvm.dll+0x2ac84f]
V  [jvm.dll+0x588a79]
V  [jvm.dll+0x220ea2]
V  [jvm.dll+0x22129f]
V  [jvm.dll+0x21a2b0]
V  [jvm.dll+0x21738b]
V  [jvm.dll+0x1a3070]
V  [jvm.dll+0x22788c]
V  [jvm.dll+0x2259eb]
V  [jvm.dll+0x7eec98]
V  [jvm.dll+0x7e8ffc]
V  [jvm.dll+0x6818f7]
C  [ucrtbase.dll+0x29333]
C  [KERNEL32.DLL+0x1259d]
C  [ntdll.dll+0x5af38]


---------------  P R O C E S S  ---------------

Threads class SMR info:
_java_thread_list=0x0000027e16f296c0, length=11, elements={
0x0000027e7db6f030, 0x0000027e7fdd8020, 0x0000027e7fdd9eb0, 0x0000027e7dc17ed0,
0x0000027e7dc187a0, 0x0000027e7fe0a420, 0x0000027e7fe0adf0, 0x0000027e7fe0dbb0,
0x0000027e7dc1e9e0, 0x0000027e16e1e660, 0x0000027e16ede010
}

Java Threads: ( => current thread )
  0x0000027e7db6f030 JavaThread "main" [_thread_in_vm, id=12584, stack(0x000000d26a500000,0x000000d26a600000)]
  0x0000027e7fdd8020 JavaThread "Reference Handler" daemon [_thread_blocked, id=14552, stack(0x000000d26a900000,0x000000d26aa00000)]
  0x0000027e7fdd9eb0 JavaThread "Finalizer" daemon [_thread_blocked, id=9968, stack(0x000000d26aa00000,0x000000d26ab00000)]
  0x0000027e7dc17ed0 JavaThread "Signal Dispatcher" daemon [_thread_blocked, id=11904, stack(0x000000d26ab00000,0x000000d26ac00000)]
  0x0000027e7dc187a0 JavaThread "Attach Listener" daemon [_thread_blocked, id=12656, stack(0x000000d26ac00000,0x000000d26ad00000)]
  0x0000027e7fe0a420 JavaThread "Service Thread" daemon [_thread_blocked, id=5464, stack(0x000000d26ad00000,0x000000d26ae00000)]
  0x0000027e7fe0adf0 JavaThread "Monitor Deflation Thread" daemon [_thread_blocked, id=13400, stack(0x000000d26ae00000,0x000000d26af00000)]
=>0x0000027e7fe0dbb0 JavaThread "C2 CompilerThread0" daemon [_thread_in_native, id=9896, stack(0x000000d26af00000,0x000000d26b000000)]
  0x0000027e7dc1e9e0 JavaThread "C1 CompilerThread0" daemon [_thread_blocked, id=6260, stack(0x000000d26b000000,0x000000d26b100000)]
  0x0000027e16e1e660 JavaThread "Sweeper thread" daemon [_thread_blocked, id=12216, stack(0x000000d26b100000,0x000000d26b200000)]
  0x0000027e16ede010 JavaThread "Common-Cleaner" daemon [_thread_blocked, id=14908, stack(0x000000d26b200000,0x000000d26b300000)]

Other Threads:
  0x0000027e7dc16c80 VMThread "VM Thread" [stack: 0x000000d26a800000,0x000000d26a900000] [id=9360]
  0x0000027e7db85c50 GCTaskThread "GC Thread#0" [stack: 0x000000d26a700000,0x000000d26a800000] [id=12632]

Threads with active compile tasks:
C2 CompilerThread0      687  146       4       java.lang.String::hashCode (60 bytes)

VM state: not at safepoint (normal execution)

VM Mutex/Monitor currently owned by a thread: None

Heap address: 0x00000000c0000000, size: 1024 MB, Compressed Oops mode: 32-bit

CDS archive(s) not mapped
Compressed class space mapped at: 0x0000000100000000-0x0000000140000000, reserved size: 1073741824
Narrow klass base: 0x0000000000000000, Narrow klass shift: 3, Narrow klass range: 0x140000000

GC Precious Log:
 CPUs: 4 total, 4 available
 Memory: 6020M
 Large Page Support: Disabled
 NUMA Support: Disabled
 Compressed Oops: Enabled (32-bit)
 Alignments: Space 512K, Generation 512K, Heap 2M
 Heap Min Capacity: 100M
 Heap Initial Capacity: 100M
 Heap Max Capacity: 1G
 Pre-touch: Disabled
 Parallel Workers: 4

Heap:
 PSYoungGen      total 29696K, used 2560K [0x00000000eab00000, 0x00000000ecc00000, 0x0000000100000000)
  eden space 25600K, 10% used [0x00000000eab00000,0x00000000ead803d8,0x00000000ec400000)
  from space 4096K, 0% used [0x00000000ec800000,0x00000000ec800000,0x00000000ecc00000)
  to   space 4096K, 0% used [0x00000000ec400000,0x00000000ec400000,0x00000000ec800000)
 ParOldGen       total 68608K, used 0K [0x00000000c0000000, 0x00000000c4300000, 0x00000000eab00000)
  object space 68608K, 0% used [0x00000000c0000000,0x00000000c0000000,0x00000000c4300000)
 Metaspace       used 4469K, committed 4672K, reserved 1114112K
  class space    used 413K, committed 512K, reserved 1048576K

Card table byte_map: [0x0000027e7d500000,0x0000027e7d710000] _byte_map_base: 0x0000027e7cf00000

Marking Bits: (ParMarkBitMap*) 0x00007ffaf8816940
 Begin Bits: [0x0000027e7dc20000, 0x0000027e7ec20000)
 End Bits:   [0x0000027e7ec20000, 0x0000027e7fc20000)

Polling page: 0x0000027e7bad0000

Metaspace:

Usage:
  Non-class:      3.96 MB used.
      Class:    413.97 KB used.
       Both:      4.36 MB used.

Virtual space:
  Non-class space:       64.00 MB reserved,       4.06 MB (  6%) committed,  1 nodes.
      Class space:        1.00 GB reserved,     512.00 KB ( <1%) committed,  1 nodes.
             Both:        1.06 GB reserved,       4.56 MB ( <1%) committed. 

Chunk freelists:
   Non-Class:  12.00 MB
       Class:  15.56 MB
        Both:  27.56 MB

MaxMetaspaceSize: unlimited
CompressedClassSpaceSize: 1.00 GB
Initial GC threshold: 21.00 MB
Current GC threshold: 21.00 MB
CDS: off
MetaspaceReclaimPolicy: balanced
 - commit_granule_bytes: 65536.
 - commit_granule_words: 8192.
 - virtual_space_node_default_size: 8388608.
 - enlarge_chunks_in_place: 1.
 - new_chunks_are_fully_committed: 0.
 - uncommit_free_chunks: 1.
 - use_allocation_guard: 0.
 - handle_deallocations: 1.


Internal statistics:

num_allocs_failed_limit: 0.
num_arena_births: 6.
num_arena_deaths: 0.
num_vsnodes_births: 2.
num_vsnodes_deaths: 0.
num_space_committed: 73.
num_space_uncommitted: 0.
num_chunks_returned_to_freelist: 0.
num_chunks_taken_from_freelist: 9.
num_chunk_merges: 0.
num_chunk_splits: 5.
num_chunks_enlarged: 2.
num_inconsistent_stats: 0.

CodeHeap 'non-profiled nmethods': size=120000Kb used=54Kb max_used=54Kb free=119945Kb
 bounds [0x0000027e0a6b0000, 0x0000027e0a920000, 0x0000027e11be0000]
CodeHeap 'profiled nmethods': size=120000Kb used=214Kb max_used=214Kb free=119785Kb
 bounds [0x0000027e02be0000, 0x0000027e02e50000, 0x0000027e0a110000]
CodeHeap 'non-nmethods': size=5760Kb used=1067Kb max_used=1080Kb free=4693Kb
 bounds [0x0000027e0a110000, 0x0000027e0a380000, 0x0000027e0a6b0000]
 total_blobs=527 nmethods=191 adapters=251
 compilation: enabled
              stopped_count=0, restarted_count=0
 full_count=0

Compilation events (20 events):
Event: 0.658 Thread 0x0000027e7dc1e9e0  143       3       java.util.ImmutableCollections$SetN::isEmpty (13 bytes)
Event: 0.658 Thread 0x0000027e7fe0dbb0  146       4       java.lang.String::hashCode (60 bytes)
Event: 0.658 Thread 0x0000027e7dc1e9e0 nmethod 143 0x0000027e02c08a90 code [0x0000027e02c08c20, 0x0000027e02c08d78]
Event: 0.658 Thread 0x0000027e7dc1e9e0  138       1       java.util.ImmutableCollections$Set12::isEmpty (2 bytes)
Event: 0.659 Thread 0x0000027e7dc1e9e0 nmethod 138 0x0000027e0a6b9710 code [0x0000027e0a6b98a0, 0x0000027e0a6b9978]
Event: 0.659 Thread 0x0000027e7dc1e9e0  144       3       java.util.ImmutableCollections$Set12::contains (28 bytes)
Event: 0.659 Thread 0x0000027e7dc1e9e0 nmethod 144 0x0000027e02c08e10 code [0x0000027e02c08fc0, 0x0000027e02c092f8]
Event: 0.659 Thread 0x0000027e7dc1e9e0  145       3       java.util.HashMap::putIfAbsent (13 bytes)
Event: 0.659 Thread 0x0000027e7dc1e9e0 nmethod 145 0x0000027e02c09410 code [0x0000027e02c095c0, 0x0000027e02c098b8]
Event: 0.659 Thread 0x0000027e7dc1e9e0  135       3       java.util.HashMap$KeyIterator::next (8 bytes)
Event: 0.659 Thread 0x0000027e7dc1e9e0 nmethod 135 0x0000027e02c09a10 code [0x0000027e02c09bc0, 0x0000027e02c09d08]
Event: 0.659 Thread 0x0000027e7dc1e9e0  131       1       java.lang.module.ModuleDescriptor::requires (5 bytes)
Event: 0.659 Thread 0x0000027e7dc1e9e0 nmethod 131 0x0000027e0a6b9a10 code [0x0000027e0a6b9ba0, 0x0000027e0a6b9c78]
Event: 0.659 Thread 0x0000027e7dc1e9e0  132       1       java.lang.module.ModuleDescriptor::isAutomatic (5 bytes)
Event: 0.659 Thread 0x0000027e7dc1e9e0 nmethod 132 0x0000027e0a6b9d10 code [0x0000027e0a6b9ea0, 0x0000027e0a6b9f78]
Event: 0.659 Thread 0x0000027e7dc1e9e0  137       3       java.util.HashMap::keySet (25 bytes)
Event: 0.660 Thread 0x0000027e7dc1e9e0 nmethod 137 0x0000027e02c09e10 code [0x0000027e02c09fc0, 0x0000027e02c0a2f8]
Event: 0.660 Thread 0x0000027e7dc1e9e0  147       3       java.util.ImmutableCollections$SetN::contains (26 bytes)
Event: 0.660 Thread 0x0000027e7dc1e9e0 nmethod 147 0x0000027e02c0a490 code [0x0000027e02c0a660, 0x0000027e02c0a978]
Event: 0.660 Thread 0x0000027e7dc1e9e0  148       3       java.util.HashMap::resize (358 bytes)

GC Heap History (0 events):
No events

Dll operation events (1 events):
Event: 0.021 Loaded shared library c:\Users\Davis\.vscode\extensions\redhat.java-1.36.0-win32-x64\jre\17.0.13-win32-x86_64\bin\java.dll

Deoptimization events (0 events):
No events

Classes loaded (20 events):
Event: 0.592 Loading class java/lang/module/ModuleFinder$1
Event: 0.592 Loading class java/lang/module/ModuleFinder$1 done
Event: 0.592 Loading class java/util/ImmutableCollections$ListItr
Event: 0.593 Loading class java/util/ListIterator
Event: 0.593 Loading class java/util/ListIterator done
Event: 0.593 Loading class java/util/ImmutableCollections$ListItr done
Event: 0.645 Loading class java/lang/ModuleLayer
Event: 0.646 Loading class java/lang/ModuleLayer done
Event: 0.646 Loading class java/util/HashMap$Values
Event: 0.647 Loading class java/util/HashMap$Values done
Event: 0.647 Loading class java/util/HashMap$ValueIterator
Event: 0.647 Loading class java/util/HashMap$ValueIterator done
Event: 0.651 Loading class java/util/LinkedHashSet
Event: 0.651 Loading class java/util/LinkedHashSet done
Event: 0.651 Loading class java/util/LinkedHashMap
Event: 0.652 Loading class java/util/LinkedHashMap done
Event: 0.653 Loading class java/util/Collections$UnmodifiableCollection$1
Event: 0.653 Loading class java/util/Collections$UnmodifiableCollection$1 done
Event: 0.654 Loading class java/lang/module/ResolvedModule
Event: 0.654 Loading class java/lang/module/ResolvedModule done

Classes unloaded (0 events):
No events

Classes redefined (0 events):
No events

Internal exceptions (1 events):
Event: 0.561 Thread 0x0000027e7db6f030 Exception <a 'java/lang/NoSuchMethodError'{0x00000000eacb5188}: 'void java.lang.invoke.DirectMethodHandle$Holder.invokeStatic(java.lang.Object, java.lang.Object, java.lang.Object)'> (0x00000000eacb5188) 
thrown [s\src\hotspot\share\interpreter\linkResolver.cpp, line 759]

VM Operations (2 events):
Event: 0.652 Executing VM operation: HandshakeAllThreads
Event: 0.652 Executing VM operation: HandshakeAllThreads done

Memory protections (0 events):
No events

Nmethod flushes (0 events):
No events

Events (11 events):
Event: 0.091 Thread 0x0000027e7db6f030 Thread added: 0x0000027e7db6f030
Event: 0.111 Thread 0x0000027e7db6f030 Thread added: 0x0000027e7fdd8020
Event: 0.111 Thread 0x0000027e7db6f030 Thread added: 0x0000027e7fdd9eb0
Event: 0.157 Thread 0x0000027e7db6f030 Thread added: 0x0000027e7dc17ed0
Event: 0.157 Thread 0x0000027e7db6f030 Thread added: 0x0000027e7dc187a0
Event: 0.158 Thread 0x0000027e7db6f030 Thread added: 0x0000027e7fe0a420
Event: 0.158 Thread 0x0000027e7db6f030 Thread added: 0x0000027e7fe0adf0
Event: 0.158 Thread 0x0000027e7db6f030 Thread added: 0x0000027e7fe0dbb0
Event: 0.163 Thread 0x0000027e7db6f030 Thread added: 0x0000027e7dc1e9e0
Event: 0.173 Thread 0x0000027e7db6f030 Thread added: 0x0000027e16e1e660
Event: 0.459 Thread 0x0000027e7db6f030 Thread added: 0x0000027e16ede010


Dynamic libraries:
0x00007ff608df0000 - 0x00007ff608dfe000 	c:\Users\Davis\.vscode\extensions\redhat.java-1.36.0-win32-x64\jre\17.0.13-win32-x86_64\bin\java.exe
0x00007ffb64a70000 - 0x00007ffb64c87000 	C:\WINDOWS\SYSTEM32\ntdll.dll
0x00007ffb63480000 - 0x00007ffb63544000 	C:\WINDOWS\System32\KERNEL32.DLL
0x00007ffb623a0000 - 0x00007ffb62759000 	C:\WINDOWS\System32\KERNELBASE.dll
0x00007ffb61e90000 - 0x00007ffb61fa1000 	C:\WINDOWS\System32\ucrtbase.dll
0x00007ffb26740000 - 0x00007ffb26757000 	c:\Users\Davis\.vscode\extensions\redhat.java-1.36.0-win32-x64\jre\17.0.13-win32-x86_64\bin\jli.dll
0x00007ffb62dd0000 - 0x00007ffb62f7e000 	C:\WINDOWS\System32\USER32.dll
0x00007ffb62760000 - 0x00007ffb62786000 	C:\WINDOWS\System32\win32u.dll
0x00007ffb62c00000 - 0x00007ffb62c29000 	C:\WINDOWS\System32\GDI32.dll
0x00007ffb61d70000 - 0x00007ffb61e8b000 	C:\WINDOWS\System32\gdi32full.dll
0x00007ffb620e0000 - 0x00007ffb6217a000 	C:\WINDOWS\System32\msvcp_win.dll
0x00007ffb242b0000 - 0x00007ffb242ce000 	c:\Users\Davis\.vscode\extensions\redhat.java-1.36.0-win32-x64\jre\17.0.13-win32-x86_64\bin\VCRUNTIME140.dll
0x00007ffb50bb0000 - 0x00007ffb50e42000 	C:\WINDOWS\WinSxS\amd64_microsoft.windows.common-controls_6595b64144ccf1df_6.0.22621.4391_none_2715d37f73803e96\COMCTL32.dll
0x00007ffb63ae0000 - 0x00007ffb63b87000 	C:\WINDOWS\System32\msvcrt.dll
0x00007ffb63730000 - 0x00007ffb63761000 	C:\WINDOWS\System32\IMM32.DLL
0x00007ffb3f290000 - 0x00007ffb3f29c000 	c:\Users\Davis\.vscode\extensions\redhat.java-1.36.0-win32-x64\jre\17.0.13-win32-x86_64\bin\vcruntime140_1.dll
0x00007ffb08cb0000 - 0x00007ffb08d3d000 	c:\Users\Davis\.vscode\extensions\redhat.java-1.36.0-win32-x64\jre\17.0.13-win32-x86_64\bin\msvcp140.dll
0x00007ffaf7c70000 - 0x00007ffaf88db000 	c:\Users\Davis\.vscode\extensions\redhat.java-1.36.0-win32-x64\jre\17.0.13-win32-x86_64\bin\server\jvm.dll
0x00007ffb62a60000 - 0x00007ffb62b12000 	C:\WINDOWS\System32\ADVAPI32.dll
0x00007ffb627f0000 - 0x00007ffb62897000 	C:\WINDOWS\System32\sechost.dll
0x00007ffb62200000 - 0x00007ffb62228000 	C:\WINDOWS\System32\bcrypt.dll
0x00007ffb63b90000 - 0x00007ffb63ca4000 	C:\WINDOWS\System32\RPCRT4.dll
0x00007ffb62f80000 - 0x00007ffb62ff1000 	C:\WINDOWS\System32\WS2_32.dll
0x00007ffb61c40000 - 0x00007ffb61c8d000 	C:\WINDOWS\SYSTEM32\POWRPROF.dll
0x00007ffb5afe0000 - 0x00007ffb5b014000 	C:\WINDOWS\SYSTEM32\WINMM.dll
0x00007ffb57860000 - 0x00007ffb5786a000 	C:\WINDOWS\SYSTEM32\VERSION.dll
0x00007ffb61c20000 - 0x00007ffb61c33000 	C:\WINDOWS\SYSTEM32\UMPDC.dll
0x00007ffb60d70000 - 0x00007ffb60d88000 	C:\WINDOWS\SYSTEM32\kernel.appcore.dll
0x00007ffb3e0e0000 - 0x00007ffb3e0ea000 	c:\Users\Davis\.vscode\extensions\redhat.java-1.36.0-win32-x64\jre\17.0.13-win32-x86_64\bin\jimage.dll
0x00007ffb5f8c0000 - 0x00007ffb5faf2000 	C:\WINDOWS\SYSTEM32\DBGHELP.DLL
0x00007ffb64530000 - 0x00007ffb648bf000 	C:\WINDOWS\System32\combase.dll
0x00007ffb62b20000 - 0x00007ffb62bf7000 	C:\WINDOWS\System32\OLEAUT32.dll
0x00007ffb4b990000 - 0x00007ffb4b9c2000 	C:\WINDOWS\SYSTEM32\dbgcore.DLL
0x00007ffb62180000 - 0x00007ffb621fb000 	C:\WINDOWS\System32\bcryptPrimitives.dll
0x00007ffb3cbc0000 - 0x00007ffb3cbce000 	c:\Users\Davis\.vscode\extensions\redhat.java-1.36.0-win32-x64\jre\17.0.13-win32-x86_64\bin\instrument.dll
0x00007ffb24280000 - 0x00007ffb242a5000 	c:\Users\Davis\.vscode\extensions\redhat.java-1.36.0-win32-x64\jre\17.0.13-win32-x86_64\bin\java.dll
0x00007ffb22e70000 - 0x00007ffb22e88000 	c:\Users\Davis\.vscode\extensions\redhat.java-1.36.0-win32-x64\jre\17.0.13-win32-x86_64\bin\zip.dll
0x00007ffb63cb0000 - 0x00007ffb64526000 	C:\WINDOWS\System32\SHELL32.dll
0x00007ffb5fc60000 - 0x00007ffb60563000 	C:\WINDOWS\SYSTEM32\windows.storage.dll
0x00007ffb5fb20000 - 0x00007ffb5fc5f000 	C:\WINDOWS\SYSTEM32\wintypes.dll
0x00007ffb63770000 - 0x00007ffb63869000 	C:\WINDOWS\System32\SHCORE.dll
0x00007ffb63a80000 - 0x00007ffb63ade000 	C:\WINDOWS\System32\shlwapi.dll
0x00007ffb61ca0000 - 0x00007ffb61ccb000 	C:\WINDOWS\SYSTEM32\profapi.dll

dbghelp: loaded successfully - version: 4.0.5 - missing functions: none
symbol engine: initialized successfully - sym options: 0x614 - pdb path: .;c:\Users\Davis\.vscode\extensions\redhat.java-1.36.0-win32-x64\jre\17.0.13-win32-x86_64\bin;C:\WINDOWS\SYSTEM32;C:\WINDOWS\WinSxS\amd64_microsoft.windows.common-controls_6595b64144ccf1df_6.0.22621.4391_none_2715d37f73803e96;c:\Users\Davis\.vscode\extensions\redhat.java-1.36.0-win32-x64\jre\17.0.13-win32-x86_64\bin\server

VM Arguments:
jvm_args: --add-modules=ALL-SYSTEM --add-opens=java.base/java.util=ALL-UNNAMED --add-opens=java.base/java.lang=ALL-UNNAMED --add-opens=java.base/sun.nio.fs=ALL-UNNAMED -Declipse.application=org.eclipse.jdt.ls.core.id1 -Dosgi.bundles.defaultStartLevel=4 -Declipse.product=org.eclipse.jdt.ls.core.product -Djava.import.generatesMetadataFilesAtProjectRoot=false -DDetectVMInstallationsJob.disabled=true -Dfile.encoding=utf8 -XX:+UseParallelGC -XX:GCTimeRatio=4 -XX:AdaptiveSizePolicyWeight=90 -Dsun.zip.disableMemoryMapping=true -Xmx1G -Xms100m -Xlog:disable -javaagent:c:\Users\Davis\.vscode\extensions\redhat.java-1.36.0-win32-x64\lombok\lombok-1.18.35.jar -XX:+HeapDumpOnOutOfMemoryError -XX:HeapDumpPath=c:\Users\Davis\AppData\Roaming\Code\User\workspaceStorage\9d56b94f2c96aaa4572ab40de3ef8cb9\redhat.java -Daether.dependencyCollector.impl=bf 
java_command: c:\Users\Davis\.vscode\extensions\redhat.java-1.36.0-win32-x64\server\plugins\org.eclipse.equinox.launcher_1.6.900.v20240613-2009.jar -configuration c:\Users\Davis\AppData\Roaming\Code\User\globalStorage\redhat.java\1.36.0\config_win -data c:\Users\Davis\AppData\Roaming\Code\User\workspaceStorage\9d56b94f2c96aaa4572ab40de3ef8cb9\redhat.java\jdt_ws --pipe=\\.\pipe\lsp-2fe8efddc55a3f5ada6516e7e8f7fc06-sock
java_class_path (initial): c:\Users\Davis\.vscode\extensions\redhat.java-1.36.0-win32-x64\server\plugins\org.eclipse.equinox.launcher_1.6.900.v20240613-2009.jar
Launcher Type: SUN_STANDARD

[Global flags]
    uintx AdaptiveSizePolicyWeight                 = 90                                        {product} {command line}
     intx CICompilerCount                          = 3                                         {product} {ergonomic}
    uintx GCTimeRatio                              = 4                                         {product} {command line}
     bool HeapDumpOnOutOfMemoryError               = true                                   {manageable} {command line}
    ccstr HeapDumpPath                             = c:\Users\Davis\AppData\Roaming\Code\User\workspaceStorage\9d56b94f2c96aaa4572ab40de3ef8cb9\redhat.java         {manageable} {command line}
   size_t InitialHeapSize                          = 104857600                                 {product} {command line}
   size_t MaxHeapSize                              = 1073741824                                {product} {command line}
   size_t MaxNewSize                               = 357564416                                 {product} {ergonomic}
   size_t MinHeapDeltaBytes                        = 524288                                    {product} {ergonomic}
   size_t MinHeapSize                              = 104857600                                 {product} {command line}
   size_t NewSize                                  = 34603008                                  {product} {ergonomic}
    uintx NonNMethodCodeHeapSize                   = 5832780                                {pd product} {ergonomic}
    uintx NonProfiledCodeHeapSize                  = 122912730                              {pd product} {ergonomic}
   size_t OldSize                                  = 70254592                                  {product} {ergonomic}
    uintx ProfiledCodeHeapSize                     = 122912730                              {pd product} {ergonomic}
    uintx ReservedCodeCacheSize                    = 251658240                              {pd product} {ergonomic}
     bool SegmentedCodeCache                       = true                                      {product} {ergonomic}
   size_t SoftMaxHeapSize                          = 1073741824                             {manageable} {ergonomic}
     bool UseCompressedClassPointers               = true                           {product lp64_product} {ergonomic}
     bool UseCompressedOops                        = true                           {product lp64_product} {ergonomic}
     bool UseLargePagesIndividualAllocation        = false                                  {pd product} {ergonomic}
     bool UseParallelGC                            = true                                      {product} {command line}

Logging:
Log output configuration:
 #0: stdout all=off uptime,level,tags
 #1: stderr all=off uptime,level,tags

Environment Variables:
PATH=C:\Program Files\Common Files\Oracle\Java\javapath;C:\WINDOWS\system32;C:\WINDOWS;C:\WINDOWS\System32\Wbem;C:\WINDOWS\System32\WindowsPowerShell\v1.0\;C:\WINDOWS\System32\OpenSSH\;C:\Program Files (x86)\Microsoft SQL Server\160\DTS\Binn\;C:\Program Files\Git\cmd;C:\Program Files\Docker\Docker\resources\bin;C:\xampp\php;C:\Program Files\nodejs\;C:\Program Files\WindowsPowerShell\Scripts;C:\laragon\bin\php\php-8.3.13-nts-Win32-vs16-x64;C:\ProgramData\ComposerSetup\bin;C:\laragon\bin;C:\laragon\bin\apache\httpd-2.4.54-win64-VS16\bin;C:\laragon\bin\composer;C:\laragon\bin\git\bin;C:\laragon\bin\git\cmd;C:\laragon\bin\git\mingw64\bin;C:\laragon\bin\git\usr\bin;C:\laragon\bin\laragon\utils;C:\laragon\bin\mysql\mysql-8.0.30-winx64\bin;C:\laragon\bin\nginx\nginx-1.22.0;C:\laragon\bin\ngrok;C:\laragon\bin\nodejs\node-v18;C:\laragon\bin\notepad++;C:\laragon\bin\php\php-8.1.10-Win32-vs16-x64;C:\laragon\bin\python\python-3.10;C:\laragon\bin\python\python-3.10\Scripts;C:\laragon\bin\redis\redis-x64-5.0.14.1;C:\laragon\bin\telnet;C:\laragon\usr\bin;C:\Users\Davis\AppData\Local\Yarn\config\global\node_modules\.bin;C:\Users\Davis\AppData\Roaming\Composer\vendor\bin;C:\Users\Davis\AppData\Roaming\npm;C:\Users\Davis\AppData\Local\Microsoft\WindowsApps;C:\Users\Davis\AppData\Local\Programs\Microsoft VS Code\bin;C:\Users\Davis\AppData\Local\spicetify;C:\Program Files\Java\jdk-21\bin;C:\src\flutter\bin;
USERNAME=Davis
OS=Windows_NT
PROCESSOR_IDENTIFIER=AMD64 Family 23 Model 24 Stepping 1, AuthenticAMD
TMP=C:\Users\Davis\AppData\Local\Temp
TEMP=C:\Users\Davis\AppData\Local\Temp



Periodic native trim disabled


---------------  S Y S T E M  ---------------

OS:
 Windows 11 , 64 bit Build 22621 (10.0.22621.4391)
OS uptime: 1 days 2:33 hours
Hyper-V role detected

CPU: total 4 (initial active 4) (4 cores per cpu, 2 threads per core) family 23 model 24 stepping 1 microcode 0x0, cx8, cmov, fxsr, ht, mmx, 3dnowpref, sse, sse2, sse3, ssse3, sse4a, sse4.1, sse4.2, popcnt, lzcnt, tsc, tscinvbit, avx, avx2, aes, clmul, bmi1, bmi2, adx, sha, fma, vzeroupper, clflush, clflushopt, hv
Processor Information for all 4 processors :
  Max Mhz: 2600, Current Mhz: 2600, Mhz Limit: 2600

Memory: 4k page, system-wide physical 6020M (276M free)
TotalPageFile size 14020M (AvailPageFile size 4M)
current process WorkingSet (physical memory assigned to process): 30M, peak: 30M
current process commit charge ("private bytes"): 171M, peak: 171M

vm_info: OpenJDK 64-Bit Server VM (17.0.13+11) for windows-amd64 JRE (17.0.13+11), built on Oct 16 2024 00:10:08 by "admin" with MS VC++ 17.7 (VS2022)

END.
