#
# There is insufficient memory for the Java Runtime Environment to continue.
# Native memory allocation (malloc) failed to allocate 469760 bytes. Error detail: Chunk::new
# Possible reasons:
#   The system is out of physical RAM or swap space
#   This process is running with CompressedOops enabled, and the Java Heap may be blocking the growth of the native heap
# Possible solutions:
#   Reduce memory load on the system
#   Increase physical memory or swap space
#   Check if swap backing store is full
#   Decrease Java heap size (-Xmx/-Xms)
#   Decrease number of Java threads
#   Decrease Java thread stack sizes (-Xss)
#   Set larger code cache with -XX:ReservedCodeCacheSize=
#   JVM is running with Unscaled Compressed Oops mode in which the Java heap is
#     placed in the first 4GB address space. The Java Heap base address is the
#     maximum limit for the native heap growth. Please use -XX:HeapBaseMinAddress
#     to set the Java Heap base and to place the Java Heap above 4GB virtual address.
# This output file may be truncated or incomplete.
#
#  Out of Memory Error (arena.cpp:191), pid=13588, tid=10700
#
# JRE version: OpenJDK Runtime Environment Temurin-17.0.13+11 (17.0.13+11) (build 17.0.13+11)
# Java VM: OpenJDK 64-Bit Server VM Temurin-17.0.13+11 (17.0.13+11, mixed mode, tiered, compressed oops, compressed class ptrs, parallel gc, windows-amd64)
# No core dump will be written. Minidumps are not enabled by default on client versions of Windows
#

---------------  S U M M A R Y ------------

Command Line: --add-modules=ALL-SYSTEM --add-opens=java.base/java.util=ALL-UNNAMED --add-opens=java.base/java.lang=ALL-UNNAMED --add-opens=java.base/sun.nio.fs=ALL-UNNAMED -Declipse.application=org.eclipse.jdt.ls.core.id1 -Dosgi.bundles.defaultStartLevel=4 -Declipse.product=org.eclipse.jdt.ls.core.product -Djava.import.generatesMetadataFilesAtProjectRoot=false -DDetectVMInstallationsJob.disabled=true -Dfile.encoding=utf8 -XX:+UseParallelGC -XX:GCTimeRatio=4 -XX:AdaptiveSizePolicyWeight=90 -Dsun.zip.disableMemoryMapping=true -Xmx1G -Xms100m -Xlog:disable -javaagent:c:\Users\Davis\.vscode\extensions\redhat.java-1.36.0-win32-x64\lombok\lombok-1.18.35.jar c:\Users\Davis\.vscode\extensions\redhat.java-1.36.0-win32-x64\server\plugins\org.eclipse.equinox.launcher_1.6.900.v20240613-2009.jar -configuration c:\Users\Davis\AppData\Roaming\Code\User\globalStorage\redhat.java\1.36.0\config_ss_win -data c:\Users\Davis\AppData\Roaming\Code\User\workspaceStorage\9d56b94f2c96aaa4572ab40de3ef8cb9\redhat.java\ss_ws --pipe=\\.\pipe\lsp-059df26e73dc6a7403ba82075b165132-sock

Host: AMD Ryzen 3 3250U with Radeon Graphics         , 4 cores, 5G,  Windows 11 , 64 bit Build 22621 (10.0.22621.4391)
Time: Wed Nov 20 11:07:47 2024 SE Asia Standard Time elapsed time: 4.643231 seconds (0d 0h 0m 4s)

---------------  T H R E A D  ---------------

Current thread (0x00000103fe050510):  JavaThread "C2 CompilerThread0" daemon [_thread_in_native, id=10700, stack(0x00000001d4400000,0x00000001d4500000)]


Current CompileTask:
C2:   4643 1865       4       java.io.DataInputStream::readUTF (501 bytes)

Stack: [0x00000001d4400000,0x00000001d4500000]
Native frames: (J=compiled Java code, j=interpreted, Vv=VM code, C=native code)
V  [jvm.dll+0x682a19]
V  [jvm.dll+0x839538]
V  [jvm.dll+0x83afe3]
V  [jvm.dll+0x83b653]
V  [jvm.dll+0x24704f]
V  [jvm.dll+0xace34]
V  [jvm.dll+0xad4cc]
V  [jvm.dll+0x36597e]
V  [jvm.dll+0x32fbd8]
V  [jvm.dll+0x32f05a]
V  [jvm.dll+0x21804f]
V  [jvm.dll+0x21748f]
V  [jvm.dll+0x1a3070]
V  [jvm.dll+0x22788c]
V  [jvm.dll+0x2259eb]
V  [jvm.dll+0x7eec98]
V  [jvm.dll+0x7e8ffc]
V  [jvm.dll+0x6818f7]
C  [ucrtbase.dll+0x29333]
C  [KERNEL32.DLL+0x1259d]
C  [ntdll.dll+0x5af38]


---------------  P R O C E S S  ---------------

Threads class SMR info:
_java_thread_list=0x0000010393074700, length=17, elements={
0x00000103f91dca30, 0x00000103f928afe0, 0x00000103f928e410, 0x00000103fe04af30,
0x00000103fe04bcc0, 0x00000103fe04cb40, 0x00000103fe04f770, 0x00000103fe050510,
0x00000103fe06be80, 0x00000103ff1d6ea0, 0x00000103ff24c380, 0x00000103ff569850,
0x00000103ff996580, 0x0000010393123390, 0x0000010393123870, 0x00000103931ee850,
0x000001039308c030
}

Java Threads: ( => current thread )
  0x00000103f91dca30 JavaThread "main" [_thread_blocked, id=4436, stack(0x00000001d3b00000,0x00000001d3c00000)]
  0x00000103f928afe0 JavaThread "Reference Handler" daemon [_thread_blocked, id=13452, stack(0x00000001d3e00000,0x00000001d3f00000)]
  0x00000103f928e410 JavaThread "Finalizer" daemon [_thread_blocked, id=8176, stack(0x00000001d3f00000,0x00000001d4000000)]
  0x00000103fe04af30 JavaThread "Signal Dispatcher" daemon [_thread_blocked, id=10604, stack(0x00000001d4000000,0x00000001d4100000)]
  0x00000103fe04bcc0 JavaThread "Attach Listener" daemon [_thread_blocked, id=3996, stack(0x00000001d4100000,0x00000001d4200000)]
  0x00000103fe04cb40 JavaThread "Service Thread" daemon [_thread_blocked, id=9084, stack(0x00000001d4200000,0x00000001d4300000)]
  0x00000103fe04f770 JavaThread "Monitor Deflation Thread" daemon [_thread_blocked, id=14128, stack(0x00000001d4300000,0x00000001d4400000)]
=>0x00000103fe050510 JavaThread "C2 CompilerThread0" daemon [_thread_in_native, id=10700, stack(0x00000001d4400000,0x00000001d4500000)]
  0x00000103fe06be80 JavaThread "C1 CompilerThread0" daemon [_thread_blocked, id=8184, stack(0x00000001d4500000,0x00000001d4600000)]
  0x00000103ff1d6ea0 JavaThread "Sweeper thread" daemon [_thread_blocked, id=6316, stack(0x00000001d4600000,0x00000001d4700000)]
  0x00000103ff24c380 JavaThread "Common-Cleaner" daemon [_thread_blocked, id=14592, stack(0x00000001d4700000,0x00000001d4800000)]
  0x00000103ff569850 JavaThread "Notification Thread" daemon [_thread_blocked, id=14364, stack(0x00000001d4800000,0x00000001d4900000)]
  0x00000103ff996580 JavaThread "Active Thread: Equinox Container: 41411ad6-4754-446b-b16b-e0d2d342e626" [_thread_blocked, id=11832, stack(0x00000001d4e00000,0x00000001d4f00000)]
  0x0000010393123390 JavaThread "Framework Event Dispatcher: Equinox Container: 41411ad6-4754-446b-b16b-e0d2d342e626" daemon [_thread_blocked, id=10764, stack(0x00000001d4f00000,0x00000001d5000000)]
  0x0000010393123870 JavaThread "Start Level: Equinox Container: 41411ad6-4754-446b-b16b-e0d2d342e626" daemon [_thread_in_native, id=13836, stack(0x00000001d5000000,0x00000001d5100000)]
  0x00000103931ee850 JavaThread "SCR Component Actor" daemon [_thread_blocked, id=2360, stack(0x00000001d5100000,0x00000001d5200000)]
  0x000001039308c030 JavaThread "SCR Component Registry" daemon [_thread_blocked, id=8580, stack(0x00000001d4d00000,0x00000001d4e00000)]

Other Threads:
  0x00000103fe00b170 VMThread "VM Thread" [stack: 0x00000001d3d00000,0x00000001d3e00000] [id=13400]
  0x00000103ff569d30 WatcherThread [stack: 0x00000001d4900000,0x00000001d4a00000] [id=9700]
  0x00000103f91f41a0 GCTaskThread "GC Thread#0" [stack: 0x00000001d3c00000,0x00000001d3d00000] [id=11012]
  0x00000103ffa45e90 GCTaskThread "GC Thread#1" [stack: 0x00000001d4a00000,0x00000001d4b00000] [id=6556]
  0x00000103ffcc7d70 GCTaskThread "GC Thread#2" [stack: 0x00000001d4b00000,0x00000001d4c00000] [id=13140]
  0x00000103ffcc3070 GCTaskThread "GC Thread#3" [stack: 0x00000001d4c00000,0x00000001d4d00000] [id=6100]

Threads with active compile tasks:
C2 CompilerThread0     4669 1865       4       java.io.DataInputStream::readUTF (501 bytes)

VM state: not at safepoint (normal execution)

VM Mutex/Monitor currently owned by a thread: None

Heap address: 0x00000000c0000000, size: 1024 MB, Compressed Oops mode: 32-bit

CDS archive(s) not mapped
Compressed class space mapped at: 0x0000000100000000-0x0000000140000000, reserved size: 1073741824
Narrow klass base: 0x0000000000000000, Narrow klass shift: 3, Narrow klass range: 0x140000000

GC Precious Log:
 CPUs: 4 total, 4 available
 Memory: 6020M
 Large Page Support: Disabled
 NUMA Support: Disabled
 Compressed Oops: Enabled (32-bit)
 Alignments: Space 512K, Generation 512K, Heap 2M
 Heap Min Capacity: 100M
 Heap Initial Capacity: 100M
 Heap Max Capacity: 1G
 Pre-touch: Disabled
 Parallel Workers: 4

Heap:
 PSYoungGen      total 29696K, used 18573K [0x00000000eab00000, 0x00000000ecc00000, 0x0000000100000000)
  eden space 25600K, 56% used [0x00000000eab00000,0x00000000eb9267f8,0x00000000ec400000)
  from space 4096K, 99% used [0x00000000ec800000,0x00000000ecbfd000,0x00000000ecc00000)
  to   space 4096K, 0% used [0x00000000ec400000,0x00000000ec400000,0x00000000ec800000)
 ParOldGen       total 68608K, used 798K [0x00000000c0000000, 0x00000000c4300000, 0x00000000eab00000)
  object space 68608K, 1% used [0x00000000c0000000,0x00000000c00c7b70,0x00000000c4300000)
 Metaspace       used 17440K, committed 17792K, reserved 1114112K
  class space    used 1792K, committed 1920K, reserved 1048576K

Card table byte_map: [0x00000103f8b70000,0x00000103f8d80000] _byte_map_base: 0x00000103f8570000

Marking Bits: (ParMarkBitMap*) 0x00007ffaf8816940
 Begin Bits: [0x00000103fbe70000, 0x00000103fce70000)
 End Bits:   [0x00000103fce70000, 0x00000103fde70000)

Polling page: 0x00000103f7110000

Metaspace:

Usage:
  Non-class:     15.28 MB used.
      Class:      1.75 MB used.
       Both:     17.03 MB used.

Virtual space:
  Non-class space:       64.00 MB reserved,      15.50 MB ( 24%) committed,  1 nodes.
      Class space:        1.00 GB reserved,       1.88 MB ( <1%) committed,  1 nodes.
             Both:        1.06 GB reserved,      17.38 MB (  2%) committed. 

Chunk freelists:
   Non-Class:  15.60 MB
       Class:  14.17 MB
        Both:  29.77 MB

MaxMetaspaceSize: unlimited
CompressedClassSpaceSize: 1.00 GB
Initial GC threshold: 21.00 MB
Current GC threshold: 21.00 MB
CDS: off
MetaspaceReclaimPolicy: balanced
 - commit_granule_bytes: 65536.
 - commit_granule_words: 8192.
 - virtual_space_node_default_size: 8388608.
 - enlarge_chunks_in_place: 1.
 - new_chunks_are_fully_committed: 0.
 - uncommit_free_chunks: 1.
 - use_allocation_guard: 0.
 - handle_deallocations: 1.


Internal statistics:

num_allocs_failed_limit: 0.
num_arena_births: 162.
num_arena_deaths: 0.
num_vsnodes_births: 2.
num_vsnodes_deaths: 0.
num_space_committed: 278.
num_space_uncommitted: 0.
num_chunks_returned_to_freelist: 0.
num_chunks_taken_from_freelist: 501.
num_chunk_merges: 0.
num_chunk_splits: 316.
num_chunks_enlarged: 227.
num_inconsistent_stats: 0.

CodeHeap 'non-profiled nmethods': size=120000Kb used=784Kb max_used=784Kb free=119215Kb
 bounds [0x0000010387ad0000, 0x0000010387d40000, 0x000001038f000000]
CodeHeap 'profiled nmethods': size=120000Kb used=3504Kb max_used=3504Kb free=116495Kb
 bounds [0x0000010380000000, 0x0000010380370000, 0x0000010387530000]
CodeHeap 'non-nmethods': size=5760Kb used=1170Kb max_used=1188Kb free=4589Kb
 bounds [0x0000010387530000, 0x00000103877a0000, 0x0000010387ad0000]
 total_blobs=2356 nmethods=1887 adapters=383
 compilation: enabled
              stopped_count=0, restarted_count=0
 full_count=0

Compilation events (20 events):
Event: 4.634 Thread 0x00000103fe06be80 1867   !   3       org.eclipse.osgi.internal.loader.classpath.ClasspathManager::findLocalClass (210 bytes)
Event: 4.635 Thread 0x00000103fe06be80 nmethod 1867 0x000001038035d490 code [0x000001038035d820, 0x000001038035f2e8]
Event: 4.635 Thread 0x00000103fe06be80 1868       3       org.eclipse.osgi.internal.hooks.EclipseLazyStarter::preFindLocalClass (120 bytes)
Event: 4.636 Thread 0x00000103fe06be80 nmethod 1868 0x000001038035fb90 code [0x000001038035fe20, 0x0000010380360b18]
Event: 4.636 Thread 0x00000103fe06be80 1869       3       org.eclipse.osgi.framework.util.CaseInsensitiveDictionaryMap::put (77 bytes)
Event: 4.637 Thread 0x00000103fe06be80 nmethod 1869 0x0000010380360f90 code [0x0000010380361220, 0x0000010380361ff8]
Event: 4.638 Thread 0x00000103fe06be80 1871       3       org.eclipse.osgi.framework.eventmgr.CopyOnWriteIdentityMap::isEmpty (11 bytes)
Event: 4.638 Thread 0x00000103fe06be80 nmethod 1871 0x0000010380362410 code [0x00000103803625c0, 0x00000103803627b8]
Event: 4.638 Thread 0x00000103fe06be80 1872  s    3       org.eclipse.osgi.framework.eventmgr.ListenerQueue::queueListeners (37 bytes)
Event: 4.638 Thread 0x00000103fe06be80 nmethod 1872 0x0000010380362890 code [0x0000010380362a60, 0x0000010380362ee8]
Event: 4.639 Thread 0x00000103fe06be80 1873       3       org.eclipse.osgi.framework.eventmgr.CopyOnWriteIdentityMap$Snapshot$EntrySet::size (9 bytes)
Event: 4.639 Thread 0x00000103fe06be80 nmethod 1873 0x0000010380363090 code [0x0000010380363220, 0x0000010380363358]
Event: 4.640 Thread 0x00000103fe06be80 1874   !   3       org.eclipse.osgi.framework.eventmgr.EventManager::dispatchEvent (69 bytes)
Event: 4.640 Thread 0x00000103fe06be80 nmethod 1874 0x0000010380363410 code [0x0000010380363620, 0x0000010380363db8]
Event: 4.640 Thread 0x00000103fe06be80 1875       3       java.lang.Integer::compare (20 bytes)
Event: 4.640 Thread 0x00000103fe06be80 nmethod 1875 0x0000010380364090 code [0x0000010380364240, 0x0000010380364418]
Event: 4.640 Thread 0x00000103fe06be80 1876       3       org.eclipse.osgi.container.ModuleContainer::checkAdminPermission (27 bytes)
Event: 4.641 Thread 0x00000103fe06be80 nmethod 1876 0x0000010380364490 code [0x0000010380364680, 0x0000010380364af8]
Event: 4.641 Thread 0x00000103fe06be80 1877       3       org.eclipse.osgi.framework.util.CaseInsensitiveDictionaryMap::computeHashCode (76 bytes)
Event: 4.641 Thread 0x00000103fe06be80 nmethod 1877 0x0000010380364d10 code [0x0000010380364f40, 0x0000010380365778]

GC Heap History (4 events):
Event: 2.590 GC heap before
{Heap before GC invocations=1 (full 0):
 PSYoungGen      total 29696K, used 25600K [0x00000000eab00000, 0x00000000ecc00000, 0x0000000100000000)
  eden space 25600K, 100% used [0x00000000eab00000,0x00000000ec400000,0x00000000ec400000)
  from space 4096K, 0% used [0x00000000ec800000,0x00000000ec800000,0x00000000ecc00000)
  to   space 4096K, 0% used [0x00000000ec400000,0x00000000ec400000,0x00000000ec800000)
 ParOldGen       total 68608K, used 0K [0x00000000c0000000, 0x00000000c4300000, 0x00000000eab00000)
  object space 68608K, 0% used [0x00000000c0000000,0x00000000c0000000,0x00000000c4300000)
 Metaspace       used 10973K, committed 11200K, reserved 1114112K
  class space    used 1092K, committed 1216K, reserved 1048576K
}
Event: 2.604 GC heap after
{Heap after GC invocations=1 (full 0):
 PSYoungGen      total 29696K, used 3172K [0x00000000eab00000, 0x00000000ecc00000, 0x0000000100000000)
  eden space 25600K, 0% used [0x00000000eab00000,0x00000000eab00000,0x00000000ec400000)
  from space 4096K, 77% used [0x00000000ec400000,0x00000000ec719340,0x00000000ec800000)
  to   space 4096K, 0% used [0x00000000ec800000,0x00000000ec800000,0x00000000ecc00000)
 ParOldGen       total 68608K, used 0K [0x00000000c0000000, 0x00000000c4300000, 0x00000000eab00000)
  object space 68608K, 0% used [0x00000000c0000000,0x00000000c0000000,0x00000000c4300000)
 Metaspace       used 10973K, committed 11200K, reserved 1114112K
  class space    used 1092K, committed 1216K, reserved 1048576K
}
Event: 3.936 GC heap before
{Heap before GC invocations=2 (full 0):
 PSYoungGen      total 29696K, used 28772K [0x00000000eab00000, 0x00000000ecc00000, 0x0000000100000000)
  eden space 25600K, 100% used [0x00000000eab00000,0x00000000ec400000,0x00000000ec400000)
  from space 4096K, 77% used [0x00000000ec400000,0x00000000ec719340,0x00000000ec800000)
  to   space 4096K, 0% used [0x00000000ec800000,0x00000000ec800000,0x00000000ecc00000)
 ParOldGen       total 68608K, used 0K [0x00000000c0000000, 0x00000000c4300000, 0x00000000eab00000)
  object space 68608K, 0% used [0x00000000c0000000,0x00000000c0000000,0x00000000c4300000)
 Metaspace       used 14656K, committed 14848K, reserved 1114112K
  class space    used 1483K, committed 1536K, reserved 1048576K
}
Event: 3.942 GC heap after
{Heap after GC invocations=2 (full 0):
 PSYoungGen      total 29696K, used 4084K [0x00000000eab00000, 0x00000000ecc00000, 0x0000000100000000)
  eden space 25600K, 0% used [0x00000000eab00000,0x00000000eab00000,0x00000000ec400000)
  from space 4096K, 99% used [0x00000000ec800000,0x00000000ecbfd000,0x00000000ecc00000)
  to   space 4096K, 0% used [0x00000000ec400000,0x00000000ec400000,0x00000000ec800000)
 ParOldGen       total 68608K, used 798K [0x00000000c0000000, 0x00000000c4300000, 0x00000000eab00000)
  object space 68608K, 1% used [0x00000000c0000000,0x00000000c00c7b70,0x00000000c4300000)
 Metaspace       used 14656K, committed 14848K, reserved 1114112K
  class space    used 1483K, committed 1536K, reserved 1048576K
}

Dll operation events (9 events):
Event: 0.011 Loaded shared library c:\Users\Davis\.vscode\extensions\redhat.java-1.36.0-win32-x64\jre\17.0.13-win32-x86_64\bin\java.dll
Event: 0.723 Loaded shared library c:\Users\Davis\.vscode\extensions\redhat.java-1.36.0-win32-x64\jre\17.0.13-win32-x86_64\bin\zip.dll
Event: 0.727 Loaded shared library C:\Users\Davis\.vscode\extensions\redhat.java-1.36.0-win32-x64\jre\17.0.13-win32-x86_64\bin\instrument.dll
Event: 0.768 Loaded shared library C:\Users\Davis\.vscode\extensions\redhat.java-1.36.0-win32-x64\jre\17.0.13-win32-x86_64\bin\net.dll
Event: 0.770 Loaded shared library C:\Users\Davis\.vscode\extensions\redhat.java-1.36.0-win32-x64\jre\17.0.13-win32-x86_64\bin\nio.dll
Event: 0.783 Loaded shared library C:\Users\Davis\.vscode\extensions\redhat.java-1.36.0-win32-x64\jre\17.0.13-win32-x86_64\bin\zip.dll
Event: 0.827 Loaded shared library C:\Users\Davis\.vscode\extensions\redhat.java-1.36.0-win32-x64\jre\17.0.13-win32-x86_64\bin\jimage.dll
Event: 0.998 Loaded shared library c:\Users\Davis\.vscode\extensions\redhat.java-1.36.0-win32-x64\jre\17.0.13-win32-x86_64\bin\verify.dll
Event: 3.665 Loaded shared library C:\Users\Davis\AppData\Roaming\Code\User\globalStorage\redhat.java\1.36.0\config_ss_win\org.eclipse.equinox.launcher\org.eclipse.equinox.launcher.win32.win32.x86_64_1.2.1100.v20240722-2106\eclipse_11904.dll

Deoptimization events (20 events):
Event: 4.442 Thread 0x0000010393123870 Uncommon trap: trap_request=0xffffffde fr.pc=0x0000010387b3f078 relative=0x0000000000000498
Event: 4.442 Thread 0x0000010393123870 Uncommon trap: reason=class_check action=maybe_recompile pc=0x0000010387b3f078 method=java.io.DataInputStream.readInt()I @ 6 c2
Event: 4.442 Thread 0x0000010393123870 DEOPT PACKING pc=0x0000010387b3f078 sp=0x00000001d50fba80
Event: 4.442 Thread 0x0000010393123870 DEOPT UNPACKING pc=0x00000103875866a3 sp=0x00000001d50fba38 mode 2
Event: 4.443 Thread 0x0000010393123870 Uncommon trap: trap_request=0xffffffde fr.pc=0x0000010387b40f1c relative=0x000000000000139c
Event: 4.443 Thread 0x0000010393123870 Uncommon trap: reason=class_check action=maybe_recompile pc=0x0000010387b40f1c method=java.io.DataInputStream.readUnsignedShort()I @ 6 c2
Event: 4.443 Thread 0x0000010393123870 DEOPT PACKING pc=0x0000010387b40f1c sp=0x00000001d50fb9d0
Event: 4.443 Thread 0x0000010393123870 DEOPT UNPACKING pc=0x00000103875866a3 sp=0x00000001d50fb950 mode 2
Event: 4.443 Thread 0x0000010393123870 Uncommon trap: trap_request=0xffffffde fr.pc=0x0000010387b40f1c relative=0x000000000000139c
Event: 4.443 Thread 0x0000010393123870 Uncommon trap: reason=class_check action=maybe_recompile pc=0x0000010387b40f1c method=java.io.DataInputStream.readUnsignedShort()I @ 6 c2
Event: 4.443 Thread 0x0000010393123870 DEOPT PACKING pc=0x0000010387b40f1c sp=0x00000001d50fb9d0
Event: 4.443 Thread 0x0000010393123870 DEOPT UNPACKING pc=0x00000103875866a3 sp=0x00000001d50fb950 mode 2
Event: 4.443 Thread 0x0000010393123870 Uncommon trap: trap_request=0xffffffde fr.pc=0x0000010387b40f1c relative=0x000000000000139c
Event: 4.443 Thread 0x0000010393123870 Uncommon trap: reason=class_check action=maybe_recompile pc=0x0000010387b40f1c method=java.io.DataInputStream.readUnsignedShort()I @ 6 c2
Event: 4.443 Thread 0x0000010393123870 DEOPT PACKING pc=0x0000010387b40f1c sp=0x00000001d50fb9d0
Event: 4.444 Thread 0x0000010393123870 DEOPT UNPACKING pc=0x00000103875866a3 sp=0x00000001d50fb950 mode 2
Event: 4.444 Thread 0x0000010393123870 Uncommon trap: trap_request=0xffffffde fr.pc=0x0000010387b40f1c relative=0x000000000000139c
Event: 4.444 Thread 0x0000010393123870 Uncommon trap: reason=class_check action=maybe_recompile pc=0x0000010387b40f1c method=java.io.DataInputStream.readUnsignedShort()I @ 6 c2
Event: 4.444 Thread 0x0000010393123870 DEOPT PACKING pc=0x0000010387b40f1c sp=0x00000001d50fb9d0
Event: 4.444 Thread 0x0000010393123870 DEOPT UNPACKING pc=0x00000103875866a3 sp=0x00000001d50fb950 mode 2

Classes loaded (20 events):
Event: 4.143 Loading class java/util/concurrent/locks/ReentrantLock$FairSync
Event: 4.143 Loading class java/util/concurrent/locks/ReentrantLock$FairSync done
Event: 4.146 Loading class java/util/Collections$ReverseComparator
Event: 4.146 Loading class java/util/Collections$ReverseComparator done
Event: 4.316 Loading class java/lang/CloneNotSupportedException
Event: 4.317 Loading class java/lang/CloneNotSupportedException done
Event: 4.340 Loading class java/util/TreeMap$Values
Event: 4.341 Loading class java/util/TreeMap$Values done
Event: 4.341 Loading class java/util/TreeMap$ValueIterator
Event: 4.341 Loading class java/util/TreeMap$ValueIterator done
Event: 4.388 Loading class java/nio/file/NoSuchFileException
Event: 4.388 Loading class java/nio/file/FileSystemException
Event: 4.388 Loading class java/nio/file/FileSystemException done
Event: 4.388 Loading class java/nio/file/NoSuchFileException done
Event: 4.536 Loading class java/lang/StackWalker$Option
Event: 4.536 Loading class java/lang/StackWalker$Option done
Event: 4.541 Loading class java/util/Comparators$NaturalOrderComparator
Event: 4.541 Loading class java/util/Comparators$NaturalOrderComparator done
Event: 4.541 Loading class java/util/Collections$ReverseComparator2
Event: 4.541 Loading class java/util/Collections$ReverseComparator2 done

Classes unloaded (0 events):
No events

Classes redefined (0 events):
No events

Internal exceptions (20 events):
Event: 2.312 Thread 0x00000103f91dca30 Exception <a 'java/lang/ClassNotFoundException'{0x00000000ec0fab88}: sun/net/www/protocol/c/Handler> (0x00000000ec0fab88) 
thrown [s\src\hotspot\share\classfile\systemDictionary.cpp, line 256]
Event: 2.368 Thread 0x00000103f91dca30 Exception <a 'java/io/FileNotFoundException'{0x00000000ec11e368}> (0x00000000ec11e368) 
thrown [s\src\hotspot\share\prims\jni.cpp, line 516]
Event: 2.507 Thread 0x00000103f91dca30 Implicit null exception at 0x0000010387b3107b to 0x0000010387b31a84
Event: 2.508 Thread 0x00000103f91dca30 Implicit null exception at 0x0000010387b2108e to 0x0000010387b212c0
Event: 2.508 Thread 0x00000103f91dca30 Implicit null exception at 0x0000010387b1be8e to 0x0000010387b1c0c8
Event: 2.508 Thread 0x00000103f91dca30 Implicit null exception at 0x0000010387b1c58f to 0x0000010387b1c605
Event: 2.604 Thread 0x00000103f91dca30 Exception <a 'java/lang/NoSuchMethodError'{0x00000000eab01de0}: 'int java.lang.invoke.DirectMethodHandle$Holder.invokeStaticInit(java.lang.Object, java.lang.Object, java.lang.Object, java.lang.Object)'> (0x00000000eab01de0) 
thrown [s\src\hotspot\share\interpreter\linkResolver.cpp, line 759]
Event: 2.607 Thread 0x00000103f91dca30 Exception <a 'java/lang/NoSuchMethodError'{0x00000000eab0c5c8}: 'java.lang.Object java.lang.invoke.DirectMethodHandle$Holder.invokeInterface(java.lang.Object, java.lang.Object)'> (0x00000000eab0c5c8) 
thrown [s\src\hotspot\share\interpreter\linkResolver.cpp, line 759]
Event: 2.607 Thread 0x00000103f91dca30 Exception <a 'java/lang/IncompatibleClassChangeError'{0x00000000eab0fdc0}: Found class java.lang.Object, but interface was expected> (0x00000000eab0fdc0) 
thrown [s\src\hotspot\share\interpreter\linkResolver.cpp, line 826]
Event: 2.609 Thread 0x00000103f91dca30 Exception <a 'java/lang/NoSuchMethodError'{0x00000000eab142a0}: 'void java.lang.invoke.DirectMethodHandle$Holder.invokeStatic(java.lang.Object, java.lang.Object)'> (0x00000000eab142a0) 
thrown [s\src\hotspot\share\interpreter\linkResolver.cpp, line 759]
Event: 2.609 Thread 0x00000103f91dca30 Exception <a 'java/lang/NoSuchMethodError'{0x00000000eab17aa0}: 'void java.lang.invoke.DirectMethodHandle$Holder.invokeStaticInit(java.lang.Object, java.lang.Object)'> (0x00000000eab17aa0) 
thrown [s\src\hotspot\share\interpreter\linkResolver.cpp, line 759]
Event: 2.612 Thread 0x00000103f91dca30 Exception <a 'java/lang/NoSuchMethodError'{0x00000000eab1efc0}: 'int java.lang.invoke.DirectMethodHandle$Holder.invokeStaticInit(java.lang.Object, java.lang.Object)'> (0x00000000eab1efc0) 
thrown [s\src\hotspot\share\interpreter\linkResolver.cpp, line 759]
Event: 2.666 Thread 0x00000103f91dca30 Exception <a 'java/lang/NoSuchMethodError'{0x00000000eac8b380}: 'void java.lang.invoke.DirectMethodHandle$Holder.invokeSpecial(java.lang.Object, java.lang.Object, java.lang.Object)'> (0x00000000eac8b380) 
thrown [s\src\hotspot\share\interpreter\linkResolver.cpp, line 759]
Event: 3.345 Thread 0x00000103f91dca30 Exception <a 'java/lang/NoSuchMethodError'{0x00000000eb919878}: 'java.lang.Object java.lang.invoke.DirectMethodHandle$Holder.newInvokeSpecial(java.lang.Object, int, java.lang.Object)'> (0x00000000eb919878) 
thrown [s\src\hotspot\share\interpreter\linkResolver.cpp, line 759]
Event: 3.657 Thread 0x00000103f91dca30 Exception <a 'java/lang/UnsatisfiedLinkError'{0x00000000ebeb5fd8}: 'void org.eclipse.equinox.launcher.JNIBridge._update_splash()'> (0x00000000ebeb5fd8) 
thrown [s\src\hotspot\share\prims\nativeLookup.cpp, line 543]
Event: 3.765 Thread 0x0000010393123870 Exception <a 'java/lang/NoSuchMethodError'{0x00000000ec1afad8}: 'java.lang.Object java.lang.invoke.DirectMethodHandle$Holder.invokeStaticInit(java.lang.Object)'> (0x00000000ec1afad8) 
thrown [s\src\hotspot\share\interpreter\linkResolver.cpp, line 759]
Event: 3.876 Thread 0x0000010393123870 Exception <a 'java/lang/NullPointerException'{0x00000000ec336748}> (0x00000000ec336748) 
thrown [s\src\hotspot\share\interpreter\linkResolver.cpp, line 1350]
Event: 3.876 Thread 0x0000010393123870 Exception <a 'java/lang/NullPointerException'{0x00000000ec336a20}> (0x00000000ec336a20) 
thrown [s\src\hotspot\share\interpreter\linkResolver.cpp, line 1350]
Event: 4.401 Thread 0x0000010393123870 Exception <a 'java/io/FileNotFoundException'{0x00000000eb5f5a48}> (0x00000000eb5f5a48) 
thrown [s\src\hotspot\share\prims\jni.cpp, line 516]
Event: 4.538 Thread 0x0000010393123870 Exception <a 'java/lang/NoSuchMethodError'{0x00000000eb7bb520}: 'java.lang.Object java.lang.invoke.Invokers$Holder.invokeExact_MT(java.lang.Object, java.lang.Object, java.lang.Object, java.lang.Object, java.lang.Object, java.lang.Object)'> (0x00000000eb7bb520) 
thrown [s\src\hotspot\share\interpreter\linkResolver.cpp, line 759]

VM Operations (20 events):
Event: 1.909 Executing VM operation: HandshakeAllThreads
Event: 1.909 Executing VM operation: HandshakeAllThreads done
Event: 2.284 Executing VM operation: HandshakeAllThreads
Event: 2.284 Executing VM operation: HandshakeAllThreads done
Event: 2.590 Executing VM operation: ParallelGCFailedAllocation
Event: 2.604 Executing VM operation: ParallelGCFailedAllocation done
Event: 3.279 Executing VM operation: HandshakeAllThreads
Event: 3.287 Executing VM operation: HandshakeAllThreads done
Event: 3.288 Executing VM operation: HandshakeAllThreads
Event: 3.288 Executing VM operation: HandshakeAllThreads done
Event: 3.295 Executing VM operation: HandshakeAllThreads
Event: 3.295 Executing VM operation: HandshakeAllThreads done
Event: 3.339 Executing VM operation: HandshakeAllThreads
Event: 3.339 Executing VM operation: HandshakeAllThreads done
Event: 3.869 Executing VM operation: HandshakeAllThreads
Event: 3.869 Executing VM operation: HandshakeAllThreads done
Event: 3.869 Executing VM operation: Cleanup
Event: 3.870 Executing VM operation: Cleanup done
Event: 3.936 Executing VM operation: ParallelGCFailedAllocation
Event: 3.942 Executing VM operation: ParallelGCFailedAllocation done

Memory protections (0 events):
No events

Nmethod flushes (0 events):
No events

Events (20 events):
Event: 0.089 Thread 0x00000103f91dca30 Thread added: 0x00000103fe04af30
Event: 0.089 Thread 0x00000103f91dca30 Thread added: 0x00000103fe04bcc0
Event: 0.089 Thread 0x00000103f91dca30 Thread added: 0x00000103fe04cb40
Event: 0.089 Thread 0x00000103f91dca30 Thread added: 0x00000103fe04f770
Event: 0.089 Thread 0x00000103f91dca30 Thread added: 0x00000103fe050510
Event: 0.094 Thread 0x00000103f91dca30 Thread added: 0x00000103fe06be80
Event: 0.096 Thread 0x00000103f91dca30 Thread added: 0x00000103ff1d6ea0
Event: 0.624 Thread 0x00000103f91dca30 Thread added: 0x00000103ff24c380
Event: 1.310 Thread 0x00000103f91dca30 Thread added: 0x00000103ff569850
Event: 1.607 Thread 0x00000103fe06be80 Thread added: 0x00000103ff482410
Event: 2.404 Thread 0x00000103ff482410 Thread exited: 0x00000103ff482410
Event: 2.745 Thread 0x00000103fe06be80 Thread added: 0x000001039301d4f0
Event: 3.256 Thread 0x00000103f91dca30 Thread added: 0x00000103ff996580
Event: 3.294 Thread 0x000001039301d4f0 Thread exited: 0x000001039301d4f0
Event: 3.618 Thread 0x00000103fe06be80 Thread added: 0x0000010393122e70
Event: 3.650 Thread 0x00000103f91dca30 Thread added: 0x0000010393123390
Event: 3.656 Thread 0x00000103f91dca30 Thread added: 0x0000010393123870
Event: 3.744 Thread 0x0000010393123870 Thread added: 0x00000103931ee850
Event: 4.033 Thread 0x0000010393122e70 Thread exited: 0x0000010393122e70
Event: 4.083 Thread 0x0000010393123870 Thread added: 0x000001039308c030


Dynamic libraries:
0x00007ff608df0000 - 0x00007ff608dfe000 	c:\Users\Davis\.vscode\extensions\redhat.java-1.36.0-win32-x64\jre\17.0.13-win32-x86_64\bin\java.exe
0x00007ffb64a70000 - 0x00007ffb64c87000 	C:\WINDOWS\SYSTEM32\ntdll.dll
0x00007ffb63480000 - 0x00007ffb63544000 	C:\WINDOWS\System32\KERNEL32.DLL
0x00007ffb623a0000 - 0x00007ffb62759000 	C:\WINDOWS\System32\KERNELBASE.dll
0x00007ffb61e90000 - 0x00007ffb61fa1000 	C:\WINDOWS\System32\ucrtbase.dll
0x00007ffb26740000 - 0x00007ffb26757000 	c:\Users\Davis\.vscode\extensions\redhat.java-1.36.0-win32-x64\jre\17.0.13-win32-x86_64\bin\jli.dll
0x00007ffb62dd0000 - 0x00007ffb62f7e000 	C:\WINDOWS\System32\USER32.dll
0x00007ffb62760000 - 0x00007ffb62786000 	C:\WINDOWS\System32\win32u.dll
0x00007ffb62c00000 - 0x00007ffb62c29000 	C:\WINDOWS\System32\GDI32.dll
0x00007ffb61d70000 - 0x00007ffb61e8b000 	C:\WINDOWS\System32\gdi32full.dll
0x00007ffb620e0000 - 0x00007ffb6217a000 	C:\WINDOWS\System32\msvcp_win.dll
0x00007ffb242b0000 - 0x00007ffb242ce000 	c:\Users\Davis\.vscode\extensions\redhat.java-1.36.0-win32-x64\jre\17.0.13-win32-x86_64\bin\VCRUNTIME140.dll
0x00007ffb50bb0000 - 0x00007ffb50e42000 	C:\WINDOWS\WinSxS\amd64_microsoft.windows.common-controls_6595b64144ccf1df_6.0.22621.4391_none_2715d37f73803e96\COMCTL32.dll
0x00007ffb63ae0000 - 0x00007ffb63b87000 	C:\WINDOWS\System32\msvcrt.dll
0x00007ffb63730000 - 0x00007ffb63761000 	C:\WINDOWS\System32\IMM32.DLL
0x00007ffb3f290000 - 0x00007ffb3f29c000 	c:\Users\Davis\.vscode\extensions\redhat.java-1.36.0-win32-x64\jre\17.0.13-win32-x86_64\bin\vcruntime140_1.dll
0x00007ffb08cb0000 - 0x00007ffb08d3d000 	c:\Users\Davis\.vscode\extensions\redhat.java-1.36.0-win32-x64\jre\17.0.13-win32-x86_64\bin\msvcp140.dll
0x00007ffaf7c70000 - 0x00007ffaf88db000 	c:\Users\Davis\.vscode\extensions\redhat.java-1.36.0-win32-x64\jre\17.0.13-win32-x86_64\bin\server\jvm.dll
0x00007ffb62a60000 - 0x00007ffb62b12000 	C:\WINDOWS\System32\ADVAPI32.dll
0x00007ffb627f0000 - 0x00007ffb62897000 	C:\WINDOWS\System32\sechost.dll
0x00007ffb62200000 - 0x00007ffb62228000 	C:\WINDOWS\System32\bcrypt.dll
0x00007ffb63b90000 - 0x00007ffb63ca4000 	C:\WINDOWS\System32\RPCRT4.dll
0x00007ffb62f80000 - 0x00007ffb62ff1000 	C:\WINDOWS\System32\WS2_32.dll
0x00007ffb61c40000 - 0x00007ffb61c8d000 	C:\WINDOWS\SYSTEM32\POWRPROF.dll
0x00007ffb5afe0000 - 0x00007ffb5b014000 	C:\WINDOWS\SYSTEM32\WINMM.dll
0x00007ffb57860000 - 0x00007ffb5786a000 	C:\WINDOWS\SYSTEM32\VERSION.dll
0x00007ffb61c20000 - 0x00007ffb61c33000 	C:\WINDOWS\SYSTEM32\UMPDC.dll
0x00007ffb60d70000 - 0x00007ffb60d88000 	C:\WINDOWS\SYSTEM32\kernel.appcore.dll
0x00007ffb3e0e0000 - 0x00007ffb3e0ea000 	c:\Users\Davis\.vscode\extensions\redhat.java-1.36.0-win32-x64\jre\17.0.13-win32-x86_64\bin\jimage.dll
0x00007ffb5f8c0000 - 0x00007ffb5faf2000 	C:\WINDOWS\SYSTEM32\DBGHELP.DLL
0x00007ffb64530000 - 0x00007ffb648bf000 	C:\WINDOWS\System32\combase.dll
0x00007ffb62b20000 - 0x00007ffb62bf7000 	C:\WINDOWS\System32\OLEAUT32.dll
0x00007ffb4b990000 - 0x00007ffb4b9c2000 	C:\WINDOWS\SYSTEM32\dbgcore.DLL
0x00007ffb62180000 - 0x00007ffb621fb000 	C:\WINDOWS\System32\bcryptPrimitives.dll
0x00007ffb3cbc0000 - 0x00007ffb3cbce000 	c:\Users\Davis\.vscode\extensions\redhat.java-1.36.0-win32-x64\jre\17.0.13-win32-x86_64\bin\instrument.dll
0x00007ffb24280000 - 0x00007ffb242a5000 	c:\Users\Davis\.vscode\extensions\redhat.java-1.36.0-win32-x64\jre\17.0.13-win32-x86_64\bin\java.dll
0x00007ffb22e70000 - 0x00007ffb22e88000 	c:\Users\Davis\.vscode\extensions\redhat.java-1.36.0-win32-x64\jre\17.0.13-win32-x86_64\bin\zip.dll
0x00007ffb63cb0000 - 0x00007ffb64526000 	C:\WINDOWS\System32\SHELL32.dll
0x00007ffb5fc60000 - 0x00007ffb60563000 	C:\WINDOWS\SYSTEM32\windows.storage.dll
0x00007ffb5fb20000 - 0x00007ffb5fc5f000 	C:\WINDOWS\SYSTEM32\wintypes.dll
0x00007ffb63770000 - 0x00007ffb63869000 	C:\WINDOWS\System32\SHCORE.dll
0x00007ffb63a80000 - 0x00007ffb63ade000 	C:\WINDOWS\System32\shlwapi.dll
0x00007ffb61ca0000 - 0x00007ffb61ccb000 	C:\WINDOWS\SYSTEM32\profapi.dll
0x00007ffb22e50000 - 0x00007ffb22e69000 	C:\Users\Davis\.vscode\extensions\redhat.java-1.36.0-win32-x64\jre\17.0.13-win32-x86_64\bin\net.dll
0x00007ffb5a680000 - 0x00007ffb5a7b6000 	C:\WINDOWS\SYSTEM32\WINHTTP.dll
0x00007ffb611f0000 - 0x00007ffb61259000 	C:\WINDOWS\system32\mswsock.dll
0x00007ffb22e30000 - 0x00007ffb22e46000 	C:\Users\Davis\.vscode\extensions\redhat.java-1.36.0-win32-x64\jre\17.0.13-win32-x86_64\bin\nio.dll
0x00007ffb36690000 - 0x00007ffb366a0000 	c:\Users\Davis\.vscode\extensions\redhat.java-1.36.0-win32-x64\jre\17.0.13-win32-x86_64\bin\verify.dll
0x00007ffb2bd00000 - 0x00007ffb2bd45000 	C:\Users\Davis\AppData\Roaming\Code\User\globalStorage\redhat.java\1.36.0\config_ss_win\org.eclipse.equinox.launcher\org.eclipse.equinox.launcher.win32.win32.x86_64_1.2.1100.v20240722-2106\eclipse_11904.dll
0x00007ffb63560000 - 0x00007ffb63705000 	C:\WINDOWS\System32\ole32.dll

dbghelp: loaded successfully - version: 4.0.5 - missing functions: none
symbol engine: initialized successfully - sym options: 0x614 - pdb path: .;c:\Users\Davis\.vscode\extensions\redhat.java-1.36.0-win32-x64\jre\17.0.13-win32-x86_64\bin;C:\WINDOWS\SYSTEM32;C:\WINDOWS\WinSxS\amd64_microsoft.windows.common-controls_6595b64144ccf1df_6.0.22621.4391_none_2715d37f73803e96;c:\Users\Davis\.vscode\extensions\redhat.java-1.36.0-win32-x64\jre\17.0.13-win32-x86_64\bin\server;C:\Users\Davis\AppData\Roaming\Code\User\globalStorage\redhat.java\1.36.0\config_ss_win\org.eclipse.equinox.launcher\org.eclipse.equinox.launcher.win32.win32.x86_64_1.2.1100.v20240722-2106

VM Arguments:
jvm_args: --add-modules=ALL-SYSTEM --add-opens=java.base/java.util=ALL-UNNAMED --add-opens=java.base/java.lang=ALL-UNNAMED --add-opens=java.base/sun.nio.fs=ALL-UNNAMED -Declipse.application=org.eclipse.jdt.ls.core.id1 -Dosgi.bundles.defaultStartLevel=4 -Declipse.product=org.eclipse.jdt.ls.core.product -Djava.import.generatesMetadataFilesAtProjectRoot=false -DDetectVMInstallationsJob.disabled=true -Dfile.encoding=utf8 -XX:+UseParallelGC -XX:GCTimeRatio=4 -XX:AdaptiveSizePolicyWeight=90 -Dsun.zip.disableMemoryMapping=true -Xmx1G -Xms100m -Xlog:disable -javaagent:c:\Users\Davis\.vscode\extensions\redhat.java-1.36.0-win32-x64\lombok\lombok-1.18.35.jar 
java_command: c:\Users\Davis\.vscode\extensions\redhat.java-1.36.0-win32-x64\server\plugins\org.eclipse.equinox.launcher_1.6.900.v20240613-2009.jar -configuration c:\Users\Davis\AppData\Roaming\Code\User\globalStorage\redhat.java\1.36.0\config_ss_win -data c:\Users\Davis\AppData\Roaming\Code\User\workspaceStorage\9d56b94f2c96aaa4572ab40de3ef8cb9\redhat.java\ss_ws --pipe=\\.\pipe\lsp-059df26e73dc6a7403ba82075b165132-sock
java_class_path (initial): c:\Users\Davis\.vscode\extensions\redhat.java-1.36.0-win32-x64\server\plugins\org.eclipse.equinox.launcher_1.6.900.v20240613-2009.jar
Launcher Type: SUN_STANDARD

[Global flags]
    uintx AdaptiveSizePolicyWeight                 = 90                                        {product} {command line}
     intx CICompilerCount                          = 3                                         {product} {ergonomic}
    uintx GCTimeRatio                              = 4                                         {product} {command line}
   size_t InitialHeapSize                          = 104857600                                 {product} {command line}
   size_t MaxHeapSize                              = 1073741824                                {product} {command line}
   size_t MaxNewSize                               = 357564416                                 {product} {ergonomic}
   size_t MinHeapDeltaBytes                        = 524288                                    {product} {ergonomic}
   size_t MinHeapSize                              = 104857600                                 {product} {command line}
   size_t NewSize                                  = 34603008                                  {product} {ergonomic}
    uintx NonNMethodCodeHeapSize                   = 5832780                                {pd product} {ergonomic}
    uintx NonProfiledCodeHeapSize                  = 122912730                              {pd product} {ergonomic}
   size_t OldSize                                  = 70254592                                  {product} {ergonomic}
    uintx ProfiledCodeHeapSize                     = 122912730                              {pd product} {ergonomic}
    uintx ReservedCodeCacheSize                    = 251658240                              {pd product} {ergonomic}
     bool SegmentedCodeCache                       = true                                      {product} {ergonomic}
   size_t SoftMaxHeapSize                          = 1073741824                             {manageable} {ergonomic}
     bool UseCompressedClassPointers               = true                           {product lp64_product} {ergonomic}
     bool UseCompressedOops                        = true                           {product lp64_product} {ergonomic}
     bool UseLargePagesIndividualAllocation        = false                                  {pd product} {ergonomic}
     bool UseParallelGC                            = true                                      {product} {command line}

Logging:
Log output configuration:
 #0: stdout all=off uptime,level,tags
 #1: stderr all=off uptime,level,tags

Environment Variables:
PATH=C:\Program Files\Common Files\Oracle\Java\javapath;C:\WINDOWS\system32;C:\WINDOWS;C:\WINDOWS\System32\Wbem;C:\WINDOWS\System32\WindowsPowerShell\v1.0\;C:\WINDOWS\System32\OpenSSH\;C:\Program Files (x86)\Microsoft SQL Server\160\DTS\Binn\;C:\Program Files\Git\cmd;C:\Program Files\Docker\Docker\resources\bin;C:\xampp\php;C:\Program Files\nodejs\;C:\Program Files\WindowsPowerShell\Scripts;C:\laragon\bin\php\php-8.3.13-nts-Win32-vs16-x64;C:\ProgramData\ComposerSetup\bin;C:\laragon\bin;C:\laragon\bin\apache\httpd-2.4.54-win64-VS16\bin;C:\laragon\bin\composer;C:\laragon\bin\git\bin;C:\laragon\bin\git\cmd;C:\laragon\bin\git\mingw64\bin;C:\laragon\bin\git\usr\bin;C:\laragon\bin\laragon\utils;C:\laragon\bin\mysql\mysql-8.0.30-winx64\bin;C:\laragon\bin\nginx\nginx-1.22.0;C:\laragon\bin\ngrok;C:\laragon\bin\nodejs\node-v18;C:\laragon\bin\notepad++;C:\laragon\bin\php\php-8.1.10-Win32-vs16-x64;C:\laragon\bin\python\python-3.10;C:\laragon\bin\python\python-3.10\Scripts;C:\laragon\bin\redis\redis-x64-5.0.14.1;C:\laragon\bin\telnet;C:\laragon\usr\bin;C:\Users\Davis\AppData\Local\Yarn\config\global\node_modules\.bin;C:\Users\Davis\AppData\Roaming\Composer\vendor\bin;C:\Users\Davis\AppData\Roaming\npm;C:\Users\Davis\AppData\Local\Microsoft\WindowsApps;C:\Users\Davis\AppData\Local\Programs\Microsoft VS Code\bin;C:\Users\Davis\AppData\Local\spicetify;C:\Program Files\Java\jdk-21\bin;C:\src\flutter\bin;
USERNAME=Davis
OS=Windows_NT
PROCESSOR_IDENTIFIER=AMD64 Family 23 Model 24 Stepping 1, AuthenticAMD
TMP=C:\Users\Davis\AppData\Local\Temp
TEMP=C:\Users\Davis\AppData\Local\Temp



Periodic native trim disabled


---------------  S Y S T E M  ---------------

OS:
 Windows 11 , 64 bit Build 22621 (10.0.22621.4391)
OS uptime: 1 days 2:28 hours
Hyper-V role detected

CPU: total 4 (initial active 4) (4 cores per cpu, 2 threads per core) family 23 model 24 stepping 1 microcode 0x0, cx8, cmov, fxsr, ht, mmx, 3dnowpref, sse, sse2, sse3, ssse3, sse4a, sse4.1, sse4.2, popcnt, lzcnt, tsc, tscinvbit, avx, avx2, aes, clmul, bmi1, bmi2, adx, sha, fma, vzeroupper, clflush, clflushopt, hv
Processor Information for all 4 processors :
  Max Mhz: 2600, Current Mhz: 2600, Mhz Limit: 2600

Memory: 4k page, system-wide physical 6020M (465M free)
TotalPageFile size 14020M (AvailPageFile size 0M)
current process WorkingSet (physical memory assigned to process): 96M, peak: 96M
current process commit charge ("private bytes"): 199M, peak: 200M

vm_info: OpenJDK 64-Bit Server VM (17.0.13+11) for windows-amd64 JRE (17.0.13+11), built on Oct 16 2024 00:10:08 by "admin" with MS VC++ 17.7 (VS2022)

END.
